# JRE version: Java(TM) SE Runtime Environment (8.0_151-b12) (build 1.8.0_151-b12)
# Java VM: Java HotSpot(TM) 64-Bit Server VM (25.151-b12 mixed mode windows-amd64 compressed oops)
Heap:
 PSYoungGen      total 323072K, used 4109K [0x00000000eb800000, 0x00000000ffe80000, 0x0000000100000000)
  eden space 311808K, 1% used [0x00000000eb800000,0x00000000ebbc35d0,0x00000000fe880000)
  from space 11264K, 2% used [0x00000000ff380000,0x00000000ff3c0000,0x00000000ffe80000)
  to   space 11264K, 0% used [0x00000000fe880000,0x00000000fe880000,0x00000000ff380000)
 ParOldGen       total 54272K, used 20033K [0x00000000c2800000, 0x00000000c5d00000, 0x00000000eb800000)
  object space 54272K, 36% used [0x00000000c2800000,0x00000000c3b90480,0x00000000c5d00000)
 Metaspace       used 38992K, capacity 39648K, committed 39808K, reserved 1083392K
  class space    used 4727K, capacity 4873K, committed 4992K, reserved 1048576K
GC Heap History (10 events):
Event: 1104.899 GC heap before
{Heap before GC invocations=20 (full 2):
 PSYoungGen      total 320512K, used 306432K [0x00000000eb800000, 0x00000000fff00000, 0x0000000100000000)
  eden space 306176K, 100% used [0x00000000eb800000,0x00000000fe300000,0x00000000fe300000)
  from space 14336K, 1% used [0x00000000fe300000,0x00000000fe340000,0x00000000ff100000)
  to   space 13824K, 0% used [0x00000000ff180000,0x00000000ff180000,0x00000000fff00000)
 ParOldGen       total 54272K, used 19725K [0x00000000c2800000, 0x00000000c5d00000, 0x00000000eb800000)
  object space 54272K, 36% used [0x00000000c2800000,0x00000000c3b43420,0x00000000c5d00000)
 Metaspace       used 38898K, capacity 39584K, committed 39808K, reserved 1083392K
  class space    used 4722K, capacity 4873K, committed 4992K, reserved 1048576K
Event: 1105.121 GC heap after
Heap after GC invocations=20 (full 2):
 PSYoungGen      total 321024K, used 224K [0x00000000eb800000, 0x00000000ffe80000, 0x0000000100000000)
  eden space 307712K, 0% used [0x00000000eb800000,0x00000000eb800000,0x00000000fe480000)
  from space 13312K, 1% used [0x00000000ff180000,0x00000000ff1b8000,0x00000000ffe80000)
  to   space 13312K, 0% used [0x00000000fe480000,0x00000000fe480000,0x00000000ff180000)
 ParOldGen       total 54272K, used 19733K [0x00000000c2800000, 0x00000000c5d00000, 0x00000000eb800000)
  object space 54272K, 36% used [0x00000000c2800000,0x00000000c3b45420,0x00000000c5d00000)
 Metaspace       used 38898K, capacity 39584K, committed 39808K, reserved 1083392K
  class space    used 4722K, capacity 4873K, committed 4992K, reserved 1048576K
}
Event: 1146.376 GC heap before
{Heap before GC invocations=21 (full 2):
 PSYoungGen      total 321024K, used 307936K [0x00000000eb800000, 0x00000000ffe80000, 0x0000000100000000)
  eden space 307712K, 100% used [0x00000000eb800000,0x00000000fe480000,0x00000000fe480000)
  from space 13312K, 1% used [0x00000000ff180000,0x00000000ff1b8000,0x00000000ffe80000)
  to   space 13312K, 0% used [0x00000000fe480000,0x00000000fe480000,0x00000000ff180000)
 ParOldGen       total 54272K, used 19733K [0x00000000c2800000, 0x00000000c5d00000, 0x00000000eb800000)
  object space 54272K, 36% used [0x00000000c2800000,0x00000000c3b45420,0x00000000c5d00000)
 Metaspace       used 38922K, capacity 39584K, committed 39808K, reserved 1083392K
  class space    used 4722K, capacity 4873K, committed 4992K, reserved 1048576K
Event: 1149.521 GC heap after
Heap after GC invocations=21 (full 2):
 PSYoungGen      total 321024K, used 256K [0x00000000eb800000, 0x00000000fff00000, 0x0000000100000000)
  eden space 307712K, 0% used [0x00000000eb800000,0x00000000eb800000,0x00000000fe480000)
  from space 13312K, 1% used [0x00000000fe480000,0x00000000fe4c0000,0x00000000ff180000)
  to   space 12800K, 0% used [0x00000000ff280000,0x00000000ff280000,0x00000000fff00000)
 ParOldGen       total 54272K, used 19733K [0x00000000c2800000, 0x00000000c5d00000, 0x00000000eb800000)
  object space 54272K, 36% used [0x00000000c2800000,0x00000000c3b45420,0x00000000c5d00000)
 Metaspace       used 38922K, capacity 39584K, committed 39808K, reserved 1083392K
  class space    used 4722K, capacity 4873K, committed 4992K, reserved 1048576K
}
Event: 1252.135 GC heap before
{Heap before GC invocations=22 (full 2):
 PSYoungGen      total 321024K, used 307968K [0x00000000eb800000, 0x00000000fff00000, 0x0000000100000000)
  eden space 307712K, 100% used [0x00000000eb800000,0x00000000fe480000,0x00000000fe480000)
  from space 13312K, 1% used [0x00000000fe480000,0x00000000fe4c0000,0x00000000ff180000)
  to   space 12800K, 0% used [0x00000000ff280000,0x00000000ff280000,0x00000000fff00000)
 ParOldGen       total 54272K, used 19733K [0x00000000c2800000, 0x00000000c5d00000, 0x00000000eb800000)
  object space 54272K, 36% used [0x00000000c2800000,0x00000000c3b45420,0x00000000c5d00000)
 Metaspace       used 38984K, capacity 39648K, committed 39808K, reserved 1083392K
  class space    used 4727K, capacity 4873K, committed 4992K, reserved 1048576K
Event: 1253.342 GC heap after
Heap after GC invocations=22 (full 2):
 PSYoungGen      total 322048K, used 320K [0x00000000eb800000, 0x00000000ffe80000, 0x0000000100000000)
  eden space 309760K, 0% used [0x00000000eb800000,0x00000000eb800000,0x00000000fe680000)
  from space 12288K, 2% used [0x00000000ff280000,0x00000000ff2d0000,0x00000000ffe80000)
  to   space 12288K, 0% used [0x00000000fe680000,0x00000000fe680000,0x00000000ff280000)
 ParOldGen       total 54272K, used 19833K [0x00000000c2800000, 0x00000000c5d00000, 0x00000000eb800000)
  object space 54272K, 36% used [0x00000000c2800000,0x00000000c3b5e460,0x00000000c5d00000)
 Metaspace       used 38984K, capacity 39648K, committed 39808K, reserved 1083392K
  class space    used 4727K, capacity 4873K, committed 4992K, reserved 1048576K
}
Event: 1274.163 GC heap before
{Heap before GC invocations=23 (full 2):
 PSYoungGen      total 322048K, used 310080K [0x00000000eb800000, 0x00000000ffe80000, 0x0000000100000000)
  eden space 309760K, 100% used [0x00000000eb800000,0x00000000fe680000,0x00000000fe680000)
  from space 12288K, 2% used [0x00000000ff280000,0x00000000ff2d0000,0x00000000ffe80000)
  to   space 12288K, 0% used [0x00000000fe680000,0x00000000fe680000,0x00000000ff280000)
 ParOldGen       total 54272K, used 19833K [0x00000000c2800000, 0x00000000c5d00000, 0x00000000eb800000)
  object space 54272K, 36% used [0x00000000c2800000,0x00000000c3b5e460,0x00000000c5d00000)
 Metaspace       used 38985K, capacity 39648K, committed 39808K, reserved 1083392K
  class space    used 4727K, capacity 4873K, committed 4992K, reserved 1048576K
Event: 1274.303 GC heap after
Heap after GC invocations=23 (full 2):
 PSYoungGen      total 322048K, used 288K [0x00000000eb800000, 0x00000000fff00000, 0x0000000100000000)
  eden space 309760K, 0% used [0x00000000eb800000,0x00000000eb800000,0x00000000fe680000)
  from space 12288K, 2% used [0x00000000fe680000,0x00000000fe6c8000,0x00000000ff280000)
  to   space 11776K, 0% used [0x00000000ff380000,0x00000000ff380000,0x00000000fff00000)
 ParOldGen       total 54272K, used 19865K [0x00000000c2800000, 0x00000000c5d00000, 0x00000000eb800000)
  object space 54272K, 36% used [0x00000000c2800000,0x00000000c3b66460,0x00000000c5d00000)
 Metaspace       used 38985K, capacity 39648K, committed 39808K, reserved 1083392K
  class space    used 4727K, capacity 4873K, committed 4992K, reserved 1048576K
}
Event: 1469.696 GC heap before
{Heap before GC invocations=24 (full 2):
 PSYoungGen      total 322048K, used 310048K [0x00000000eb800000, 0x00000000fff00000, 0x0000000100000000)
  eden space 309760K, 100% used [0x00000000eb800000,0x00000000fe680000,0x00000000fe680000)
  from space 12288K, 2% used [0x00000000fe680000,0x00000000fe6c8000,0x00000000ff280000)
  to   space 11776K, 0% used [0x00000000ff380000,0x00000000ff380000,0x00000000fff00000)
 ParOldGen       total 54272K, used 19865K [0x00000000c2800000, 0x00000000c5d00000, 0x00000000eb800000)
  object space 54272K, 36% used [0x00000000c2800000,0x00000000c3b66460,0x00000000c5d00000)
 Metaspace       used 38992K, capacity 39648K, committed 39808K, reserved 1083392K
  class space    used 4727K, capacity 4873K, committed 4992K, reserved 1048576K
Event: 1484.770 GC heap after
Heap after GC invocations=24 (full 2):
 PSYoungGen      total 323072K, used 256K [0x00000000eb800000, 0x00000000ffe80000, 0x0000000100000000)
  eden space 311808K, 0% used [0x00000000eb800000,0x00000000eb800000,0x00000000fe880000)
  from space 11264K, 2% used [0x00000000ff380000,0x00000000ff3c0000,0x00000000ffe80000)
  to   space 11264K, 0% used [0x00000000fe880000,0x00000000fe880000,0x00000000ff380000)
 ParOldGen       total 54272K, used 20033K [0x00000000c2800000, 0x00000000c5d00000, 0x00000000eb800000)
  object space 54272K, 36% used [0x00000000c2800000,0x00000000c3b90480,0x00000000c5d00000)
 Metaspace       used 38992K, capacity 39648K, committed 39808K, reserved 1083392K
  class space    used 4727K, capacity 4873K, committed 4992K, reserved 1048576K
}

